<?xml version="1.0" encoding="UTF-8"?>
<!-- Generated by org.testng.reporters.JUnitXMLReporter -->
<testsuite hostname="DESKTOP-L2KUA39" ignored="0" name="Test" tests="4" failures="0" timestamp="2022-08-23T20:47:35 IST" time="74.625" errors="0">
  <testcase name="launchgoogle1" time="67.664" classname="TestngPack.class1"/>
  <testcase name="launchgoogle1" time="67.664" classname="TestngPack.class2"/>
  <testcase name="launchgoogle1" time="69.388" classname="TestngPack.class3"/>
  <testcase name="launchgoogle1" time="74.294" classname="TestngPack.class4"/>
</testsuite> <!-- Test -->
